Build started 15-Aug-17 5:49:09 PM.
     1>Project "D:\Dina\Dina's C++ programs\ANN\FF_onlyOneHigh\FF_onlyOneHigh\FF_onlyOneHigh.vcxproj" on node 2 (build target(s)).
     1>InitializeBuildStatus:
         Creating "Debug\FF_onlyOneHigh.unsuccessfulbuild" because "AlwaysCreate" was specified.
       ClCompile:
         c:\Program Files (x86)\Microsoft Visual Studio 10.0\VC\bin\CL.exe /c /ZI /nologo /W3 /WX- /Od /Oy- /D WIN32 /D _DEBUG /D _CONSOLE /D _UNICODE /D UNICODE /Gm /EHsc /RTC1 /MDd /GS /fp:precise /Zc:wchar_t /Zc:forScope /Fo"Debug\\" /Fd"Debug\vc100.pdb" /Gd /TP /analyze- /errorReport:prompt "..\..\..\..\Dina's C++ programs\ANN\FF_onlyOneHigh\FF_onlyOneHigh\only_one.cpp"
         only_one.cpp
     1>d:\dina\dina's c++ programs\ann\ff_onlyonehigh\ff_onlyonehigh\only_one.cpp(71): warning C4244: '=' : conversion from 'int' to 'float', possible loss of data
     1>d:\dina\dina's c++ programs\ann\ff_onlyonehigh\ff_onlyonehigh\only_one.cpp(130): warning C4244: '=' : conversion from 'double' to 'float', possible loss of data
     1>d:\dina\dina's c++ programs\ann\ff_onlyonehigh\ff_onlyonehigh\only_one.cpp(137): warning C4244: '=' : conversion from 'double' to 'float', possible loss of data
     1>d:\dina\dina's c++ programs\ann\ff_onlyonehigh\ff_onlyonehigh\only_one.cpp(294): warning C4244: 'argument' : conversion from 'time_t' to 'unsigned int', possible loss of data
     1>d:\dina\dina's c++ programs\ann\ff_onlyonehigh\ff_onlyonehigh\only_one.cpp(300): warning C4305: 'initializing' : truncation from 'double' to 'float'
       ManifestResourceCompile:
         C:\Program Files (x86)\Microsoft SDKs\Windows\v7.0A\bin\rc.exe /nologo /fo"Debug\FF_onlyOneHigh.exe.embed.manifest.res" Debug\FF_onlyOneHigh_manifest.rc 
       Link:
         c:\Program Files (x86)\Microsoft Visual Studio 10.0\VC\bin\link.exe /ERRORREPORT:PROMPT /OUT:"D:\Dina\Dina's C++ programs\ANN\FF_onlyOneHigh\Debug\FF_onlyOneHigh.exe" /INCREMENTAL /NOLOGO kernel32.lib user32.lib gdi32.lib winspool.lib comdlg32.lib advapi32.lib shell32.lib ole32.lib oleaut32.lib uuid.lib odbc32.lib odbccp32.lib /MANIFEST /ManifestFile:"Debug\FF_onlyOneHigh.exe.intermediate.manifest" /MANIFESTUAC:"level='asInvoker' uiAccess='false'" /DEBUG /PDB:"D:\Dina\Dina's C++ programs\ANN\FF_onlyOneHigh\Debug\FF_onlyOneHigh.pdb" /SUBSYSTEM:CONSOLE /TLBID:1 /DYNAMICBASE /NXCOMPAT /IMPLIB:"D:\Dina\Dina's C++ programs\ANN\FF_onlyOneHigh\Debug\FF_onlyOneHigh.lib" /MACHINE:X86 Debug\FF_onlyOneHigh.exe.embed.manifest.res
         Debug\only_one.obj
       Manifest:
         Deleting file "Debug\FF_onlyOneHigh.exe.embed.manifest".
         C:\Program Files (x86)\Microsoft SDKs\Windows\v7.0A\bin\mt.exe /nologo /verbose /out:"Debug\FF_onlyOneHigh.exe.embed.manifest" /manifest Debug\FF_onlyOneHigh.exe.intermediate.manifest
         C:\Program Files (x86)\Microsoft SDKs\Windows\v7.0A\bin\rc.exe /nologo /fo"Debug\FF_onlyOneHigh.exe.embed.manifest.res" Debug\FF_onlyOneHigh_manifest.rc 
       LinkEmbedManifest:
         c:\Program Files (x86)\Microsoft Visual Studio 10.0\VC\bin\link.exe /ERRORREPORT:PROMPT /OUT:"D:\Dina\Dina's C++ programs\ANN\FF_onlyOneHigh\Debug\FF_onlyOneHigh.exe" /INCREMENTAL /NOLOGO kernel32.lib user32.lib gdi32.lib winspool.lib comdlg32.lib advapi32.lib shell32.lib ole32.lib oleaut32.lib uuid.lib odbc32.lib odbccp32.lib /MANIFEST /ManifestFile:"Debug\FF_onlyOneHigh.exe.intermediate.manifest" /MANIFESTUAC:"level='asInvoker' uiAccess='false'" /DEBUG /PDB:"D:\Dina\Dina's C++ programs\ANN\FF_onlyOneHigh\Debug\FF_onlyOneHigh.pdb" /SUBSYSTEM:CONSOLE /TLBID:1 /DYNAMICBASE /NXCOMPAT /IMPLIB:"D:\Dina\Dina's C++ programs\ANN\FF_onlyOneHigh\Debug\FF_onlyOneHigh.lib" /MACHINE:X86 Debug\FF_onlyOneHigh.exe.embed.manifest.res
         Debug\only_one.obj
         FF_onlyOneHigh.vcxproj -> D:\Dina\Dina's C++ programs\ANN\FF_onlyOneHigh\Debug\FF_onlyOneHigh.exe
       FinalizeBuildStatus:
         Deleting file "Debug\FF_onlyOneHigh.unsuccessfulbuild".
         Touching "Debug\FF_onlyOneHigh.lastbuildstate".
     1>Done Building Project "D:\Dina\Dina's C++ programs\ANN\FF_onlyOneHigh\FF_onlyOneHigh\FF_onlyOneHigh.vcxproj" (build target(s)).

Build succeeded.

Time Elapsed 00:00:14.34
